<?xml version="1.0" encoding="UTF-8"?>
<!-- Generated by org.testng.reporters.JUnitReportReporter -->
<testsuite hostname="DESKTOP-L88NPJT" failures="0" tests="1" name="DriverFactory.Customertestcasescript" time="366.799" errors="0" timestamp="2024-09-05T17:27:20 GMT-04:00" skipped="0">
  <testcase classname="DriverFactory.Customertestcasescript" name="starttest" time="366.799">
    <system-out>
      <![CDATA[no of rows::17
Customer-00000010142--------Customer-00000010142
Customer-00000010143--------Customer-00000010143
Customer-00000010144--------Customer-00000010144
Customer-00000010145--------Customer-00000010145
Customer-00000010146--------Customer-00000010146
Customer-00000010147--------Customer-00000010147
Customer-00000010148--------Customer-00000010148
Customer-00000010149--------Customer-00000010149
Customer-00000010150--------Customer-00000010150
Customer-00000010151--------Customer-00000010151
Customer-00000010152--------Customer-00000010152
Customer-00000010153--------Customer-00000010153
Customer-00000010154--------Customer-00000010154
Customer-00000010155--------Customer-00000010155
Customer-00000010156--------Customer-00000010156
Customer-00000010157--------Customer-00000010157
Customer-00000010158--------Customer-00000010158]]>
    </system-out>
  </testcase> <!-- starttest -->
  <system-out>
    <![CDATA[no of rows::17
Customer-00000010142--------Customer-00000010142
Customer-00000010143--------Customer-00000010143
Customer-00000010144--------Customer-00000010144
Customer-00000010145--------Customer-00000010145
Customer-00000010146--------Customer-00000010146
Customer-00000010147--------Customer-00000010147
Customer-00000010148--------Customer-00000010148
Customer-00000010149--------Customer-00000010149
Customer-00000010150--------Customer-00000010150
Customer-00000010151--------Customer-00000010151
Customer-00000010152--------Customer-00000010152
Customer-00000010153--------Customer-00000010153
Customer-00000010154--------Customer-00000010154
Customer-00000010155--------Customer-00000010155
Customer-00000010156--------Customer-00000010156
Customer-00000010157--------Customer-00000010157
Customer-00000010158--------Customer-00000010158]]>
  </system-out>
</testsuite> <!-- DriverFactory.Customertestcasescript -->
